<?xml version="1.0" encoding="UTF-8"?>
<!-- Generated by org.testng.reporters.JUnitReportReporter -->
<testsuite hostname="Munnad-Laptop" failures="0" tests="1" name="com.visualstory.testcases.TC_LoginTest_001" time="12.683" errors="0" timestamp="2021-08-12T23:39:57 IST" skipped="0">
  <testcase classname="com.visualstory.testcases.TC_LoginTest_001" name="loginTest" time="12.683"/>
  <system-out/>
</testsuite> <!-- com.visualstory.testcases.TC_LoginTest_001 -->
