<?xml version="1.0" encoding="UTF-8"?>
<!-- Generated by org.testng.reporters.JUnitReportReporter -->
<testsuite hostname="Munnad-Laptop" failures="0" tests="1" name="com.visualstory.testcases.TC_LogoutTest_001" time="8.848" errors="0" timestamp="2021-08-14T22:42:47 IST" skipped="0">
  <testcase classname="com.visualstory.testcases.TC_LogoutTest_001" name="run" time="8.848"/>
  <system-out/>
</testsuite> <!-- com.visualstory.testcases.TC_LogoutTest_001 -->
