<?xml version="1.0" encoding="UTF-8"?>
<!-- Generated by org.testng.reporters.JUnitReportReporter -->
<testsuite hostname="Munnad-Laptop" failures="0" tests="1" name="com.visualstory.testcases.TC_CreateStoryTest_002" time="12.765" errors="0" timestamp="2021-08-12T23:39:57 IST" skipped="0">
  <testcase classname="com.visualstory.testcases.TC_CreateStoryTest_002" name="loginTest" time="12.765"/>
  <system-out/>
</testsuite> <!-- com.visualstory.testcases.TC_CreateStoryTest_002 -->
